2026-06-23 15:34:58,538 | INFO | __main__ | Démarrage serveur Flask
2026-06-23 15:42:10,726 | INFO | __main__ | Ajout produit {'nom': 'Clavier', 'prix': 10, 'stock': 2}
2026-06-23 15:42:10,889 | INFO | __main__ | Produit ajouté
2026-06-23 15:45:08,022 | WARNING | __main__ | Suppression produit id=5
2026-06-23 15:45:08,031 | INFO | __main__ | Produit supprimé id=5
2026-06-23 15:46:04,426 | INFO | __main__ | Démarrage serveur Flask
2026-06-23 15:46:04,830 | INFO | __main__ | Démarrage serveur Flask
2026-06-23 15:46:13,517 | INFO | __main__ | API démarrée
2026-06-23 15:49:07,244 | INFO | __main__ | Démarrage serveur Flask
2026-06-23 15:49:13,665 | INFO | __main__ | Démarrage serveur Flask
2026-06-23 15:49:14,072 | INFO | __main__ | Démarrage serveur Flask
2026-06-23 15:50:51,931 | INFO | __main__ | Démarrage serveur Flask
2026-06-23 15:51:12,847 | INFO | __main__ | Démarrage serveur Flask
2026-06-23 15:51:39,871 | INFO | __main__ | Démarrage serveur Flask
2026-06-23 15:51:51,563 | INFO | __main__ | Démarrage serveur Flask
2026-06-23 15:53:13,152 | INFO | __main__ | Démarrage serveur Flask
2026-06-23 15:53:24,957 | INFO | __main__ | Démarrage serveur Flask
2026-06-23 15:53:36,678 | INFO | __main__ | Démarrage serveur Flask
2026-06-23 15:54:44,561 | INFO | __main__ | Consultation produits
2026-06-23 15:59:08,550 | INFO | __main__ | IP=- | - - | Démarrage serveur Flask
2026-06-23 15:59:26,716 | DEBUG | __main__ | IP=127.0.0.1 | GET /produits/4 | Recherche id=4
2026-06-23 16:04:05,019 | INFO | Démarrage serveur Flask
2026-06-23 16:05:11,432 | INFO | SERVEUR DEMARRÉ
2026-06-23 17:08:08,403 | INFO | SERVEUR DEMARRÉ
2026-06-23 17:08:09,068 | INFO | SERVEUR DEMARRÉ
2026-06-23 17:08:18,708 | INFO | QUI=127.0.0.1 | QUOI=GET / | ACTION=API démarrée
2026-06-24 09:45:35,517 | INFO | SERVEUR DEMARRÉ
2026-06-24 09:48:58,442 | INFO | SERVEUR DEMARRÉ
2026-06-24 09:48:59,078 | INFO | SERVEUR DEMARRÉ
